07/17/2025 11:45:43 : Authenticating to Azure
07/17/2025 11:45:43 : Token Acquired
07/17/2025 11:45:43 : Downloading Installing ADFS 2-0.docx
07/17/2025 11:45:43 : Finished downloading Installing ADFS 2-0.docx
07/17/2025 11:45:43 : Deleting Installing ADFS 2-0.docx.
07/17/2025 11:45:43 : Installing ADFS 2-0.docx deleted.
07/17/2025 11:45:43 : Downloading WLID-Federation-whitepaper.doc
07/17/2025 11:45:43 : Finished downloading WLID-Federation-whitepaper.doc
07/17/2025 11:45:43 : Deleting WLID-Federation-whitepaper.doc.
07/17/2025 11:45:43 : WLID-Federation-whitepaper.doc deleted.
07/17/2025 11:46:07 : Authenticating to Azure
07/17/2025 11:46:08 : Token Acquired
07/17/2025 11:46:08 : Downloading OSP306.pptx
07/17/2025 11:46:08 : Finished downloading OSP306.pptx
07/17/2025 11:46:08 : Deleting OSP306.pptx.
07/17/2025 11:46:08 : OSP306.pptx deleted.
07/17/2025 11:47:18 : Authenticating to Azure
07/17/2025 11:47:18 : Token Acquired
07/17/2025 11:47:18 : Downloading Customizing and Extending ADFS 2.0.pptx
07/17/2025 11:47:18 : Finished downloading Customizing and Extending ADFS 2.0.pptx
07/17/2025 11:47:18 : Deleting Customizing and Extending ADFS 2.0.pptx
07/17/2025 11:47:18 : Customizing and Extending ADFS 2.0.pptx deleted
07/17/2025 11:49:43 : Authenticating to Azure
07/17/2025 11:49:43 : Token Acquired
07/17/2025 11:50:27 : Authenticating to Azure
07/17/2025 11:50:27 : Token Acquired
07/17/2025 11:50:27 : No blobs found, nothing to do
07/17/2025 11:50:48 : Authenticating to Azure
07/17/2025 11:50:48 : Token Acquired
07/17/2025 11:50:48 : No blobs found, nothing to do
07/17/2025 11:50:48 : Finished.
07/17/2025 11:54:01 : Authenticating to Azure
07/17/2025 11:54:01 : Token Acquired
07/17/2025 11:54:01 : Downloading AWS_Disaster_Recovery.pdf
07/17/2025 11:54:01 : Finished downloading AWS_Disaster_Recovery.pdf
07/17/2025 11:54:01 : Deleting AWS_Disaster_Recovery.pdf
07/17/2025 11:54:01 : AWS_Disaster_Recovery.pdf deleted
07/17/2025 11:54:01 : Downloading awsgsg-computebasics.pdf
07/17/2025 11:54:01 : Finished downloading awsgsg-computebasics.pdf
07/17/2025 11:54:01 : Deleting awsgsg-computebasics.pdf
07/17/2025 11:54:01 : awsgsg-computebasics.pdf deleted
07/17/2025 11:54:01 : Downloading awsgsg-deploy.pdf
07/17/2025 11:54:01 : Finished downloading awsgsg-deploy.pdf
07/17/2025 11:54:01 : Deleting awsgsg-deploy.pdf
07/17/2025 11:54:01 : awsgsg-deploy.pdf deleted
07/17/2025 11:54:01 : Downloading awsgsg-emr.pdf
07/17/2025 11:54:02 : Finished downloading awsgsg-emr.pdf
07/17/2025 11:54:02 : Deleting awsgsg-emr.pdf
07/17/2025 11:54:02 : awsgsg-emr.pdf deleted
07/17/2025 11:54:02 : Downloading awsgsg-intro.pdf
07/17/2025 11:54:02 : Finished downloading awsgsg-intro.pdf
07/17/2025 11:54:02 : Deleting awsgsg-intro.pdf
07/17/2025 11:54:02 : awsgsg-intro.pdf deleted
07/17/2025 11:54:02 : Downloading awsgsg-swh.pdf
07/17/2025 11:54:02 : Finished downloading awsgsg-swh.pdf
07/17/2025 11:54:02 : Deleting awsgsg-swh.pdf
07/17/2025 11:54:02 : awsgsg-swh.pdf deleted
07/17/2025 11:54:02 : Downloading awsgsg-wah.pdf
07/17/2025 11:54:02 : Finished downloading awsgsg-wah.pdf
07/17/2025 11:54:02 : Deleting awsgsg-wah.pdf
07/17/2025 11:54:02 : awsgsg-wah.pdf deleted
07/17/2025 11:54:02 : Downloading ec2-api.pdf
07/17/2025 11:54:02 : Finished downloading ec2-api.pdf
07/17/2025 11:54:02 : Deleting ec2-api.pdf
07/17/2025 11:54:02 : ec2-api.pdf deleted
07/17/2025 11:54:02 : Downloading ec2-clt.pdf
07/17/2025 11:54:03 : Finished downloading ec2-clt.pdf
07/17/2025 11:54:03 : Deleting ec2-clt.pdf
07/17/2025 11:54:03 : ec2-clt.pdf deleted
07/17/2025 11:54:03 : Downloading ec2-qrc.pdf
07/17/2025 11:54:03 : Finished downloading ec2-qrc.pdf
07/17/2025 11:54:03 : Deleting ec2-qrc.pdf
07/17/2025 11:54:03 : ec2-qrc.pdf deleted
07/17/2025 11:54:03 : Finished.
07/17/2025 11:54:47 : Authenticating to Azure
07/17/2025 11:54:47 : Token Acquired
07/17/2025 11:54:47 : Downloading AWS_Disaster_Recovery.pdf
07/17/2025 11:54:47 : Finished downloading AWS_Disaster_Recovery.pdf
07/17/2025 11:54:47 : Deleting AWS_Disaster_Recovery.pdf
07/17/2025 11:54:47 : AWS_Disaster_Recovery.pdf deleted
07/17/2025 11:54:47 : Downloading awsgsg-deploy.pdf
07/17/2025 11:54:47 : Finished downloading awsgsg-deploy.pdf
07/17/2025 11:54:47 : Deleting awsgsg-deploy.pdf
07/17/2025 11:54:47 : awsgsg-deploy.pdf deleted
07/17/2025 11:54:47 : Finished.
07/17/2025 11:55:05 : Authenticating to Azure
07/17/2025 11:55:05 : Token Acquired
07/17/2025 11:55:05 : Downloading awsgsg-computebasics.pdf
07/17/2025 11:55:05 : Finished downloading awsgsg-computebasics.pdf
07/17/2025 11:55:05 : Deleting awsgsg-computebasics.pdf
07/17/2025 11:55:05 : awsgsg-computebasics.pdf deleted
07/17/2025 11:55:05 : Finished.
07/17/2025 11:55:57 : Authenticating to Azure
07/17/2025 11:55:57 : Token Acquired
07/17/2025 11:55:57 : No blobs found, nothing to do
07/17/2025 11:55:57 : Finished.
07/17/2025 11:57:01 : Authenticating to Azure
07/17/2025 11:57:01 : Token Acquired
07/17/2025 11:57:01 : Downloading AWS_Disaster_Recovery.pdf
07/17/2025 11:57:01 : Finished downloading AWS_Disaster_Recovery.pdf
07/17/2025 11:57:01 : Deleting AWS_Disaster_Recovery.pdf
07/17/2025 11:57:01 : AWS_Disaster_Recovery.pdf deleted
07/17/2025 11:57:01 : Downloading awsgsg-computebasics.pdf
07/17/2025 11:57:01 : Finished downloading awsgsg-computebasics.pdf
07/17/2025 11:57:01 : Deleting awsgsg-computebasics.pdf
07/17/2025 11:57:01 : awsgsg-computebasics.pdf deleted
07/17/2025 11:57:01 : Finished.
07/17/2025 11:58:30 : Starting script.
07/17/2025 11:58:30 : Authenticating to Azure
07/17/2025 11:58:30 : Token Acquired
07/17/2025 11:58:30 : No blobs found, nothing to do
07/17/2025 11:58:30 : Finished.
